<?xml version="1.0" encoding="UTF-8"?>
<!-- Generated by org.testng.reporters.JUnitReportReporter -->
<testsuite hostname="FOCUS-QA-118" name="com.focus.testcases.MasterBinsTest" tests="51" failures="1" timestamp="14 Jun 2021 15:00:29 GMT" time="366.834" errors="0">
  <testcase name="verifyBinFirstLevel" time="5.735" classname="com.focus.testcases.MasterBinsTest"/>
  <testcase name="verifyCloseOptionInBinsCreation" time="5.751" classname="com.focus.testcases.MasterBinsTest"/>
  <testcase name="checkAddGroupButton" time="5.742" classname="com.focus.testcases.MasterBinsTest"/>
  <testcase name="verifyBinsGroupNewCreateDisplayInBinsGrid" time="5.565" classname="com.focus.testcases.MasterBinsTest"/>
  <testcase name="verifySaveMultipleBinsInBinGroup" time="4.703" classname="com.focus.testcases.MasterBinsTest"/>
  <testcase name="verifySaveButtonWithoutInputNameMandatoryFieldsInGroupOption" time="11.808" classname="com.focus.testcases.MasterBinsTest"/>
  <testcase name="verifyClickOnGroupToDisplayEmpty" time="8.052" classname="com.focus.testcases.MasterBinsTest"/>
  <testcase name="verifyToolsOptionsBinsMenu" time="3.067" classname="com.focus.testcases.MasterBinsTest"/>
  <testcase name="verifyBinsDisplayBinsGridDisplay" time="3.158" classname="com.focus.testcases.MasterBinsTest"/>
  <testcase name="verifyCreateViewToggleOptionsBinsMenu" time="2.868" classname="com.focus.testcases.MasterBinsTest"/>
  <testcase name="verifySaveBinGroupByOptionGroup" time="8.051" classname="com.focus.testcases.MasterBinsTest"/>
  <testcase name="verifyEditOptionForNewlyCreatedUnit" time="3.598" classname="com.focus.testcases.MasterBinsTest"/>
  <testcase name="verifyBinDisplayInBinsSavingWithCopyAndPaste" time="5.757" classname="com.focus.testcases.MasterBinsTest"/>
  <testcase name="verifyUpdatedBinsDisplayInBinMaster" time="3.078" classname="com.focus.testcases.MasterBinsTest"/>
  <testcase name="verifySaveButtonWithoutInputCodeMandatoryFieldsInGroupOption" time="3.170" classname="com.focus.testcases.MasterBinsTest"/>
  <testcase name="verifyOtherToolsOptionsBinsMenu" time="3.287" classname="com.focus.testcases.MasterBinsTest"/>
  <testcase name="verifyBinsDisplayInUnitsSavingWithCloneMasterCreationOptions" time="5.595" classname="com.focus.testcases.MasterBinsTest"/>
  <testcase name="verifySaveButtonInAddGroupWithInputingMandatoryFields" time="3.452" classname="com.focus.testcases.MasterBinsTest"/>
  <testcase name="verifyDeleteBinDisplay" time="5.422" classname="com.focus.testcases.MasterBinsTest"/>
  <testcase name="verifyNewButton" time="3.701" classname="com.focus.testcases.MasterBinsTest"/>
  <testcase name="verifySaveBinInBinGroup" time="4.441" classname="com.focus.testcases.MasterBinsTest"/>
  <testcase name="verifyMainPageHeaderFieldsOptionsBinsMenu" time="3.228" classname="com.focus.testcases.MasterBinsTest"/>
  <testcase name="verifyOpenBinssMenu" time="28.668" classname="com.focus.testcases.MasterBinsTest"/>
  <testcase name="verifySaveButtonWithoutInputName" time="3.532" classname="com.focus.testcases.MasterBinsTest"/>
  <testcase name="verifyTreeViewOptionsBinsMenu" time="2.793" classname="com.focus.testcases.MasterBinsTest"/>
  <testcase name="verifyBinsAddGroupNewCreateDisplayInBinsGrid" time="5.690" classname="com.focus.testcases.MasterBinsTest"/>
  <testcase name="verifySaveButtonWithoutInputNameMandatoryFieldsInAddGroupOption" time="2.932" classname="com.focus.testcases.MasterBinsTest"/>
  <testcase name="verifySaveButton" time="4.612" classname="com.focus.testcases.MasterBinsTest"/>
  <testcase name="verifySaveButtonWithoutInputCode" time="3.774" classname="com.focus.testcases.MasterBinsTest"/>
  <testcase name="verifySaveButtonWithoutInputCodeMandatoryFieldsInAddGroupOption" time="3.130" classname="com.focus.testcases.MasterBinsTest"/>
  <testcase name="verifyOkInDeleteValidationMessage" time="3.273" classname="com.focus.testcases.MasterBinsTest"/>
  <testcase name="verifyCreateNewBinForDeleteOptionValidationMessage" time="15.828" classname="com.focus.testcases.MasterBinsTest"/>
  <testcase name="checkSaveButtonInGroupWithInputingMandatoryFields" time="3.899" classname="com.focus.testcases.MasterBinsTest"/>
  <testcase name="verifyCreateNewBinForProperties" time="12.490" classname="com.focus.testcases.MasterBinsTest"/>
  <testcase name="verifyUpateForNewlyCreateAddGroupBin" time="4.117" classname="com.focus.testcases.MasterBinsTest"/>
  <testcase name="verifyCreateTreeToggleOptionsBinsMenu" time="2.771" classname="com.focus.testcases.MasterBinsTest"/>
  <testcase name="verifySearchOptionsInMainPageHeaderFieldsOptionsBinsMenu" time="2.643" classname="com.focus.testcases.MasterBinsTest"/>
  <testcase name="verifyUpdatedBinGroupDisplayInBinGrid" time="5.553" classname="com.focus.testcases.MasterBinsTest"/>
  <testcase name="verifyHideAccountGroupsOptionsBinsMenu" time="2.945" classname="com.focus.testcases.MasterBinsTest"/>
  <testcase name="verifyUpateForNewlyCreateBin" time="4.935" classname="com.focus.testcases.MasterBinsTest"/>
  <testcase name="verifyCopyOptionByPasteOptionWithNewButton" time="84.164" classname="com.focus.testcases.MasterBinsTest">
    <failure type="java.lang.AssertionError" message="expected [true] but found [false]">
      <![CDATA[java.lang.AssertionError: expected [true] but found [false]
	at org.testng.Assert.fail(Assert.java:94)
	at org.testng.Assert.failNotEquals(Assert.java:513)
	at org.testng.Assert.assertEqualsImpl(Assert.java:135)
	at org.testng.Assert.assertEquals(Assert.java:116)
	at org.testng.Assert.assertEquals(Assert.java:305)
	at org.testng.Assert.assertEquals(Assert.java:315)
	at com.focus.testcases.MasterBinsTest.verifyCopyOptionByPasteOptionWithNewButton(MasterBinsTest.java:245)
	at sun.reflect.NativeMethodAccessorImpl.invoke0(Native Method)
	at sun.reflect.NativeMethodAccessorImpl.invoke(Unknown Source)
	at sun.reflect.DelegatingMethodAccessorImpl.invoke(Unknown Source)
	at java.lang.reflect.Method.invoke(Unknown Source)
	at org.testng.internal.MethodInvocationHelper.invokeMethod(MethodInvocationHelper.java:86)
	at org.testng.internal.Invoker.invokeMethod(Invoker.java:643)
	at org.testng.internal.Invoker.invokeTestMethod(Invoker.java:820)
	at org.testng.internal.Invoker.invokeTestMethods(Invoker.java:1128)
	at org.testng.internal.TestMethodWorker.invokeTestMethods(TestMethodWorker.java:129)
	at org.testng.internal.TestMethodWorker.run(TestMethodWorker.java:112)
	at org.testng.TestRunner.privateRun(TestRunner.java:782)
	at org.testng.TestRunner.run(TestRunner.java:632)
	at org.testng.SuiteRunner.runTest(SuiteRunner.java:366)
	at org.testng.SuiteRunner.runSequentially(SuiteRunner.java:361)
	at org.testng.SuiteRunner.privateRun(SuiteRunner.java:319)
	at org.testng.SuiteRunner.run(SuiteRunner.java:268)
	at org.testng.SuiteRunnerWorker.runSuite(SuiteRunnerWorker.java:52)
	at org.testng.SuiteRunnerWorker.run(SuiteRunnerWorker.java:86)
	at org.testng.TestNG.runSuitesSequentially(TestNG.java:1244)
	at org.testng.TestNG.runSuitesLocally(TestNG.java:1169)
	at org.testng.TestNG.run(TestNG.java:1064)
	at org.testng.remote.AbstractRemoteTestNG.run(AbstractRemoteTestNG.java:114)
	at org.testng.remote.RemoteTestNG.initAndRun(RemoteTestNG.java:251)
	at org.testng.remote.RemoteTestNG.main(RemoteTestNG.java:77)
]]>
    </failure>
  </testcase> <!-- verifyCopyOptionByPasteOptionWithNewButton -->
  <testcase name="verifyBinsCreationScreenAfterSaving" time="2.953" classname="com.focus.testcases.MasterBinsTest"/>
  <testcase name="verifyMainOptionsBinsMenu" time="7.528" classname="com.focus.testcases.MasterBinsTest"/>
  <testcase name="verifyInActiveBySelectingOkButtonInPropertiesOptionForBin" time="5.915" classname="com.focus.testcases.MasterBinsTest"/>
  <testcase name="verifyBinsAddGroupCreationScreenAfterSaving" time="5.599" classname="com.focus.testcases.MasterBinsTest"/>
  <testcase name="veriyCloneButtonAndSaveInUnitsMasterOptions" time="13.796" classname="com.focus.testcases.MasterBinsTest"/>
  <testcase name="verifyCloseBinsMasterBeforeGroup" time="3.010" classname="com.focus.testcases.MasterBinsTest"/>
  <testcase name="verifyCloseBinsMaster" time="3.229" classname="com.focus.testcases.MasterBinsTest"/>
  <testcase name="verifyBinDisplayInBinSavingWithCloneMasterOptions" time="5.476" classname="com.focus.testcases.MasterBinsTest"/>
  <testcase name="verifyCloneButtonAndSaveInBinsMasterCreation" time="6.123" classname="com.focus.testcases.MasterBinsTest"/>
  <testcase name="verifyEditOptionForNewlyCreateAddGroupBins" time="6.227" classname="com.focus.testcases.MasterBinsTest"/>
</testsuite> <!-- com.focus.testcases.MasterBinsTest -->
