<?xml version="1.0" encoding="UTF-8"?>
<!-- Generated by org.testng.reporters.JUnitReportReporter -->
<testsuite hostname="FOCUS-QA-118" name="com.focus.testcases.LoginPageTest" tests="2" failures="0" timestamp="23 Dec 2022 09:03:25 GMT" time="230.643" errors="0">
  <testcase name="checkRestoreVouchersPrintcompany" time="213.458" classname="com.focus.testcases.LoginPageTest"/>
  <testcase name="checkLogin" time="17.185" classname="com.focus.testcases.LoginPageTest"/>
</testsuite> <!-- com.focus.testcases.LoginPageTest -->
