<?xml version="1.0" encoding="UTF-8"?>
<!-- Generated by org.testng.reporters.JUnitReportReporter -->
<testsuite hostname="FOCUS-QA-118" name="com.focus.testcases.SmokeDesignWorkFlowTest" tests="152" failures="0" timestamp="14 Jun 2021 17:24:16 GMT" time="1190.850" errors="1">
  <testcase name="checkLinkandDeleteOptionsinStockTransferAndSelectingLinkOption" time="6.758" classname="com.focus.testcases.SmokeDesignWorkFlowTest"/>
  <testcase name="verifySelectingDeliveryNotesfromVoucherlist" time="6.945" classname="com.focus.testcases.SmokeDesignWorkFlowTest"/>
  <testcase name="checkMappingFromExcessinStocksToStockTransfer" time="4.358" classname="com.focus.testcases.SmokeDesignWorkFlowTest"/>
  <testcase name="verifyOkButtonWithSelectionOfMandatroryFields" time="4.857" classname="com.focus.testcases.SmokeDesignWorkFlowTest"/>
  <testcase name="checkSelectingQuantityinLinkValueOptionBetweenPurchaseVoucherAndPurchaseReturns" time="6.714" classname="com.focus.testcases.SmokeDesignWorkFlowTest"/>
  <testcase name="checkSelectingItemOptionBetweenSalesInvoiceNAndDeliveryNotes" time="7.494" classname="com.focus.testcases.SmokeDesignWorkFlowTest"/>
  <testcase name="verifyLinkandDeleteOptionsinSalesInvoiceNAndSelectingLinkOption" time="7.489" classname="com.focus.testcases.SmokeDesignWorkFlowTest"/>
  <testcase name="checkLinkBetweenAutoSalesOrderandSalesInvoice" time="9.304" classname="com.focus.testcases.SmokeDesignWorkFlowTest"/>
  <testcase name="verifyClearButton" time="8.481" classname="com.focus.testcases.SmokeDesignWorkFlowTest"/>
  <testcase name="checkSelectingAutoSalesOrderfromVoucherlist" time="6.869" classname="com.focus.testcases.SmokeDesignWorkFlowTest"/>
  <testcase name="verifyLinkOptionInBetweenAutoSalesOrderAndAutoSalesInvoice" time="4.344" classname="com.focus.testcases.SmokeDesignWorkFlowTest"/>
  <testcase name="checkMappingBetweenPurchaseOrdersAndPurchaseVoucher" time="6.804" classname="com.focus.testcases.SmokeDesignWorkFlowTest"/>
  <testcase name="checkLinkBetweenStockTransferToSalesInvoiceN" time="6.931" classname="com.focus.testcases.SmokeDesignWorkFlowTest"/>
  <testcase name="checkOkBetweenBetweenSalesOrderAndSalesInvoices" time="4.605" classname="com.focus.testcases.SmokeDesignWorkFlowTest"/>
  <testcase name="verifySelectingMRNfromVoucherlist" time="6.619" classname="com.focus.testcases.SmokeDesignWorkFlowTest"/>
  <testcase name="checkInputingWorkflowNameAsPurchasesFlow" time="20.102" classname="com.focus.testcases.SmokeDesignWorkFlowTest"/>
  <testcase name="checkSelectingItemOptionBetweenSalesOrderAndSalesInvoices" time="7.262" classname="com.focus.testcases.SmokeDesignWorkFlowTest"/>
  <testcase name="checkMappingBetweenPurchaseVoucherNAndMRN" time="6.626" classname="com.focus.testcases.SmokeDesignWorkFlowTest"/>
  <testcase name="checkLinkBetweenPurchaseVoucherAndMRN" time="10.872" classname="com.focus.testcases.SmokeDesignWorkFlowTest"/>
  <testcase name="checkOkBetweenBetweenMRNAndPurchaseReturns" time="8.720" classname="com.focus.testcases.SmokeDesignWorkFlowTest"/>
  <testcase name="checkSelectingItemOptionBetweenSalesQuotationAndSalesOrder" time="4.812" classname="com.focus.testcases.SmokeDesignWorkFlowTest"/>
  <testcase name="verifySelectingLinkButtoninSalesQuotations" time="4.599" classname="com.focus.testcases.SmokeDesignWorkFlowTest"/>
  <testcase name="checkUpdatingSavedTestFlow" time="13.536" classname="com.focus.testcases.SmokeDesignWorkFlowTest"/>
  <testcase name="verifySelectingStockTransferfromVoucherlist" time="6.898" classname="com.focus.testcases.SmokeDesignWorkFlowTest"/>
  <testcase name="checkSelectingPurchaseVoucherVatfromVoucherlist" time="6.927" classname="com.focus.testcases.SmokeDesignWorkFlowTest"/>
  <testcase name="checkSelectingQuantityinLinkValueOptionBetweenPurchaseOrdersAndPurchaseVoucherVAT" time="4.511" classname="com.focus.testcases.SmokeDesignWorkFlowTest"/>
  <testcase name="checkSelectAndDragVoucherPurchaseOrder" time="7.215" classname="com.focus.testcases.SmokeDesignWorkFlowTest"/>
  <testcase name="checkLinkandDeleteOptionsinPurchasevouchersVat" time="6.591" classname="com.focus.testcases.SmokeDesignWorkFlowTest"/>
  <testcase name="checkSavingPurchasesFlow" time="7.007" classname="com.focus.testcases.SmokeDesignWorkFlowTest"/>
  <testcase name="checkEditingSavedPurchasesFlow" time="32.850" classname="com.focus.testcases.SmokeDesignWorkFlowTest"/>
  <testcase name="checkLinkBetweenExcessinStocksToStockTransfers" time="7.005" classname="com.focus.testcases.SmokeDesignWorkFlowTest"/>
  <testcase name="verifySelectingsalesInvoicesNfromVoucherlist" time="6.719" classname="com.focus.testcases.SmokeDesignWorkFlowTest"/>
  <testcase name="verifySavingVouchersWithHavingLink" time="4.754" classname="com.focus.testcases.SmokeDesignWorkFlowTest"/>
  <testcase name="checkLinkandDeleteOptionsinAutoSalesOrderAndSelectingLinkOption" time="6.933" classname="com.focus.testcases.SmokeDesignWorkFlowTest"/>
  <testcase name="checkMappingFromSalesInvoiceToSalesReturns" time="6.417" classname="com.focus.testcases.SmokeDesignWorkFlowTest"/>
  <testcase name="checkSelectingItemOptionBetweenPurchaseVoucherNAndMRN" time="6.737" classname="com.focus.testcases.SmokeDesignWorkFlowTest"/>
  <testcase name="checkMappingFromAutoSalesOrderToSalesInvoice" time="6.458" classname="com.focus.testcases.SmokeDesignWorkFlowTest"/>
  <testcase name="verifyOptionsInDesignWorkFlow" time="10.823" classname="com.focus.testcases.SmokeDesignWorkFlowTest"/>
  <testcase name="checkLinkBetweenMRNAndPurchasereturns" time="11.083" classname="com.focus.testcases.SmokeDesignWorkFlowTest"/>
  <testcase name="checkSelectingItemOptionBetweenExcessinStocksShortageinStocks" time="4.390" classname="com.focus.testcases.SmokeDesignWorkFlowTest"/>
  <testcase name="verifySaveButtonInDesignWorkflowScreen" time="45.447" classname="com.focus.testcases.SmokeDesignWorkFlowTest"/>
  <testcase name="checkMovingPurchaseVoucherVATToPosition" time="6.777" classname="com.focus.testcases.SmokeDesignWorkFlowTest"/>
  <testcase name="verifyMappingFromSalesQuotationsToSalesOrder" time="6.593" classname="com.focus.testcases.SmokeDesignWorkFlowTest"/>
  <testcase name="checkSaveWorkflowAsSalesFlow" time="9.317" classname="com.focus.testcases.SmokeDesignWorkFlowTest"/>
  <testcase name="checkSelectingtheExtrafieldforoptionBasedonFields" time="4.960" classname="com.focus.testcases.SmokeDesignWorkFlowTest"/>
  <testcase name="checkMovingShortageinStocksToPosition" time="6.628" classname="com.focus.testcases.SmokeDesignWorkFlowTest"/>
  <testcase name="checkSelectingQuantityinLinkValueOptionBetweenExcessinStocksAndStockTransfer" time="4.659" classname="com.focus.testcases.SmokeDesignWorkFlowTest"/>
  <testcase name="checkSelectingItemOptionBetweenExcessinStocksStockTransfer" time="4.668" classname="com.focus.testcases.SmokeDesignWorkFlowTest"/>
  <testcase name="checkMovingPurchaseVoucherToPosition" time="6.558" classname="com.focus.testcases.SmokeDesignWorkFlowTest"/>
  <testcase name="verifyOkButtonWithoutSelectionOfMandatoryFields" time="4.446" classname="com.focus.testcases.SmokeDesignWorkFlowTest"/>
  <testcase name="checkLinkBetweenExcessinStocksToShoratgeinStocks" time="6.817" classname="com.focus.testcases.SmokeDesignWorkFlowTest"/>
  <testcase name="checkSelectingItemOptionBetweenMRNAndPurchaseReturns" time="6.989" classname="com.focus.testcases.SmokeDesignWorkFlowTest"/>
  <testcase name="checkSelectingQuantityinLinkValueOptionBetweenSalesOrderAndSalesInvoices" time="4.550" classname="com.focus.testcases.SmokeDesignWorkFlowTest"/>
  <testcase name="checkMappingFromSalesInvoiceNToDeliveryNotes" time="6.625" classname="com.focus.testcases.SmokeDesignWorkFlowTest"/>
  <testcase name="verifySaveWorkFlowNameDisplay" time="11.097" classname="com.focus.testcases.SmokeDesignWorkFlowTest"/>
  <testcase name="checkMovingAutoSalesOrderToPosition" time="8.819" classname="com.focus.testcases.SmokeDesignWorkFlowTest"/>
  <testcase name="verifyMovingDeliveryNotesToPosition" time="6.762" classname="com.focus.testcases.SmokeDesignWorkFlowTest"/>
  <testcase name="verifySelectingExcessInStocksfromVoucherlist" time="6.873" classname="com.focus.testcases.SmokeDesignWorkFlowTest"/>
  <testcase name="checkSelectingQuantityinLinkValueOptionBetweenSalesQuotationsAndExcessinStocks" time="4.398" classname="com.focus.testcases.SmokeDesignWorkFlowTest"/>
  <testcase name="checkSelectingQuantityinLinkValueOptionBetweenSalesQuotationAndSalesOrder" time="4.617" classname="com.focus.testcases.SmokeDesignWorkFlowTest"/>
  <testcase name="checkLinkBetweenSalesOrderAndSalesInvoice" time="7.083" classname="com.focus.testcases.SmokeDesignWorkFlowTest"/>
  <testcase name="checkLinkandDeleteOptionsinPurchaseorders2" time="6.382" classname="com.focus.testcases.SmokeDesignWorkFlowTest"/>
  <testcase name="checkOkBetweenBetweenExcessinStockAndShortageinStocks" time="4.362" classname="com.focus.testcases.SmokeDesignWorkFlowTest"/>
  <testcase name="checkLinkBetweenPurchaseOrdersAndPurchaseVoucher" time="11.679" classname="com.focus.testcases.SmokeDesignWorkFlowTest"/>
  <testcase name="verifySavingVouchersWithoutHavingLink" time="4.422" classname="com.focus.testcases.SmokeDesignWorkFlowTest"/>
  <testcase name="checkSelectingPurcahseOrdersfromVoucherlist" time="10.003" classname="com.focus.testcases.SmokeDesignWorkFlowTest"/>
  <testcase name="verifyMovingsalesInvoicesNToPosition" time="6.640" classname="com.focus.testcases.SmokeDesignWorkFlowTest"/>
  <testcase name="checkOkBetweenBetweenExcessinStockAndStockTransfer" time="4.474" classname="com.focus.testcases.SmokeDesignWorkFlowTest"/>
  <testcase name="verifySelectingSalesVoucherTypesfromVoucherlist" time="16.648" classname="com.focus.testcases.SmokeDesignWorkFlowTest"/>
  <testcase name="verifyOpenDesignWorkFlow" time="17.279" classname="com.focus.testcases.SmokeDesignWorkFlowTest"/>
  <testcase name="verifyInputWorkFlowName" time="4.532" classname="com.focus.testcases.SmokeDesignWorkFlowTest"/>
  <testcase name="checkLinkandDeleteOptionsinMRN" time="6.660" classname="com.focus.testcases.SmokeDesignWorkFlowTest"/>
  <testcase name="checkSelectingQuantityinLinkValueOptionBetweenMRandPurchaseOrders" time="4.572" classname="com.focus.testcases.SmokeDesignWorkFlowTest"/>
  <testcase name="checkSelectingItemOptionBetweenSalesInvoicesAndSalesReturns" time="5.388" classname="com.focus.testcases.SmokeDesignWorkFlowTest"/>
  <testcase name="verifySelectingShortageinStocksfromVoucherlist" time="6.746" classname="com.focus.testcases.SmokeDesignWorkFlowTest"/>
  <testcase name="verifySelectingPurchaseReturnsfromVoucherlist" time="6.689" classname="com.focus.testcases.SmokeDesignWorkFlowTest"/>
  <testcase name="verifySelectingSalesInvoicesfromVoucherlist" time="6.892" classname="com.focus.testcases.SmokeDesignWorkFlowTest"/>
  <testcase name="checkSelectingQuantityinLinkValueOptionBetweenPurchaseOrdersAndPurchaseVoucher" time="6.617" classname="com.focus.testcases.SmokeDesignWorkFlowTest"/>
  <testcase name="checkSelectingItemOptionBetweenPurchaseOrdersAndPurchaseVoucher" time="6.885" classname="com.focus.testcases.SmokeDesignWorkFlowTest"/>
  <testcase name="checkEnabletheOptionCheckStockWhileLinking" time="26.175" classname="com.focus.testcases.SmokeDesignWorkFlowTest">
    <error type="org.openqa.selenium.TimeoutException" message="Expected condition failed: waiting for element to be clickable: [[ChromeDriver: chrome on WINDOWS (163e986de8ef151e71b95fcb2ac3a200)] -&gt; xpath: //input[@id=&#039;ChkStockLink&#039;]] (tried for 20 second(s) with 1000 milliseconds interval)
Build info: version: &#039;3.12.0&#039;, revision: &#039;7c6e0b3&#039;, time: &#039;2018-05-08T14:04:26.12Z&#039;
System info: host: &#039;FOCUS-QA-118&#039;, ip: &#039;192.168.4.56&#039;, os.name: &#039;Windows 10&#039;, os.arch: &#039;amd64&#039;, os.version: &#039;10.0&#039;, java.version: &#039;1.8.0_111&#039;
Driver info: driver.version: unknown">
      <![CDATA[org.openqa.selenium.TimeoutException: Expected condition failed: waiting for element to be clickable: [[ChromeDriver: chrome on WINDOWS (163e986de8ef151e71b95fcb2ac3a200)] -> xpath: //input[@id='ChkStockLink']] (tried for 20 second(s) with 1000 milliseconds interval)
Build info: version: '3.12.0', revision: '7c6e0b3', time: '2018-05-08T14:04:26.12Z'
System info: host: 'FOCUS-QA-118', ip: '192.168.4.56', os.name: 'Windows 10', os.arch: 'amd64', os.version: '10.0', java.version: '1.8.0_111'
Driver info: driver.version: unknown
	at org.openqa.selenium.support.ui.FluentWait.timeoutException(FluentWait.java:303)
	at org.openqa.selenium.support.ui.FluentWait.until(FluentWait.java:271)
	at com.focus.Pages.SmokeDesignWorkFlowPage.checkEnabletheOptionCheckStockWhileLinking(SmokeDesignWorkFlowPage.java:7472)
	at com.focus.testcases.SmokeDesignWorkFlowTest.checkEnabletheOptionCheckStockWhileLinking(SmokeDesignWorkFlowTest.java:1307)
	at sun.reflect.NativeMethodAccessorImpl.invoke0(Native Method)
	at sun.reflect.NativeMethodAccessorImpl.invoke(Unknown Source)
	at sun.reflect.DelegatingMethodAccessorImpl.invoke(Unknown Source)
	at java.lang.reflect.Method.invoke(Unknown Source)
	at org.testng.internal.MethodInvocationHelper.invokeMethod(MethodInvocationHelper.java:86)
	at org.testng.internal.Invoker.invokeMethod(Invoker.java:643)
	at org.testng.internal.Invoker.invokeTestMethod(Invoker.java:820)
	at org.testng.internal.Invoker.invokeTestMethods(Invoker.java:1128)
	at org.testng.internal.TestMethodWorker.invokeTestMethods(TestMethodWorker.java:129)
	at org.testng.internal.TestMethodWorker.run(TestMethodWorker.java:112)
	at org.testng.TestRunner.privateRun(TestRunner.java:782)
	at org.testng.TestRunner.run(TestRunner.java:632)
	at org.testng.SuiteRunner.runTest(SuiteRunner.java:366)
	at org.testng.SuiteRunner.runSequentially(SuiteRunner.java:361)
	at org.testng.SuiteRunner.privateRun(SuiteRunner.java:319)
	at org.testng.SuiteRunner.run(SuiteRunner.java:268)
	at org.testng.SuiteRunnerWorker.runSuite(SuiteRunnerWorker.java:52)
	at org.testng.SuiteRunnerWorker.run(SuiteRunnerWorker.java:86)
	at org.testng.TestNG.runSuitesSequentially(TestNG.java:1244)
	at org.testng.TestNG.runSuitesLocally(TestNG.java:1169)
	at org.testng.TestNG.run(TestNG.java:1064)
	at org.testng.remote.AbstractRemoteTestNG.run(AbstractRemoteTestNG.java:114)
	at org.testng.remote.RemoteTestNG.initAndRun(RemoteTestNG.java:251)
	at org.testng.remote.RemoteTestNG.main(RemoteTestNG.java:77)
]]>
    </error>
  </testcase> <!-- checkEnabletheOptionCheckStockWhileLinking -->
  <testcase name="checkLinkBetweenSalesQuotationsToExcessinStocks" time="7.503" classname="com.focus.testcases.SmokeDesignWorkFlowTest"/>
  <testcase name="checkSelectingPurchaseVoucherfromVoucherlist" time="6.677" classname="com.focus.testcases.SmokeDesignWorkFlowTest"/>
  <testcase name="verifySettingTabOptions" time="8.305" classname="com.focus.testcases.SmokeDesignWorkFlowTest"/>
  <testcase name="verifyMovingSalesOrderToPosition" time="4.555" classname="com.focus.testcases.SmokeDesignWorkFlowTest"/>
  <testcase name="verifyLinkValue" time="4.448" classname="com.focus.testcases.SmokeDesignWorkFlowTest"/>
  <testcase name="checkUpdatedTestFlow" time="16.673" classname="com.focus.testcases.SmokeDesignWorkFlowTest"/>
  <testcase name="checkSelectingItemOptionBetweenPurchaseVoucherAndPurchaseReturns" time="6.956" classname="com.focus.testcases.SmokeDesignWorkFlowTest"/>
  <testcase name="checkLinkBetweenSalesInvoiceAndSalesReturns" time="7.267" classname="com.focus.testcases.SmokeDesignWorkFlowTest"/>
  <testcase name="checkOkBetweenPurchaseOrderAndPurchaseVocuherVAT" time="6.689" classname="com.focus.testcases.SmokeDesignWorkFlowTest"/>
  <testcase name="checkSelectingItemOptionBetweenSalesQuotationsAndExcessinStocks" time="4.825" classname="com.focus.testcases.SmokeDesignWorkFlowTest"/>
  <testcase name="checkLinkandDeleteOptionsinMR" time="6.500" classname="com.focus.testcases.SmokeDesignWorkFlowTest"/>
  <testcase name="verifyLinkandDeleteOptionsinSalesQuotations" time="6.451" classname="com.focus.testcases.SmokeDesignWorkFlowTest"/>
  <testcase name="checkSelectingQuantityinLinkValueOptionBetweenSalesInvoiceNAndDeliveryNotes" time="7.366" classname="com.focus.testcases.SmokeDesignWorkFlowTest"/>
  <testcase name="checkOkBetweenMRandPurchaseOrders" time="6.742" classname="com.focus.testcases.SmokeDesignWorkFlowTest"/>
  <testcase name="verifyMovingStockTransferToPosition" time="6.636" classname="com.focus.testcases.SmokeDesignWorkFlowTest"/>
  <testcase name="verifyLinkandDeleteOptionsinSalesQuotationAndSelectingLinkOption" time="6.973" classname="com.focus.testcases.SmokeDesignWorkFlowTest"/>
  <testcase name="checkLinkBetweenPurchaseVoucherAndpurchaseReturns" time="13.807" classname="com.focus.testcases.SmokeDesignWorkFlowTest"/>
  <testcase name="verifyMovingPurchaseReturnsToPosition" time="6.603" classname="com.focus.testcases.SmokeDesignWorkFlowTest"/>
  <testcase name="checkMappingFromExcessinStocksToShortageinStocks" time="6.645" classname="com.focus.testcases.SmokeDesignWorkFlowTest"/>
  <testcase name="checkOkBetweenBetweenPurchaseOrdersAndPurchaseVoucher" time="6.594" classname="com.focus.testcases.SmokeDesignWorkFlowTest"/>
  <testcase name="verifySelectingSalesOrdersfromVoucherlist" time="6.767" classname="com.focus.testcases.SmokeDesignWorkFlowTest"/>
  <testcase name="verifyLinkNodeLineFromBaseVoucherToLinkVoucher" time="6.500" classname="com.focus.testcases.SmokeDesignWorkFlowTest"/>
  <testcase name="verifyLinkandDeleteOptionsinSalesInvoiceAndSelectingLinkOption" time="9.059" classname="com.focus.testcases.SmokeDesignWorkFlowTest"/>
  <testcase name="verifyLinkandDeleteOptionsinPurchaseorders" time="6.483" classname="com.focus.testcases.SmokeDesignWorkFlowTest"/>
  <testcase name="checkSelectingItemOptionBetweenStockTransferAndSalesInvoiceN" time="4.755" classname="com.focus.testcases.SmokeDesignWorkFlowTest"/>
  <testcase name="checkSelectingQuantityinLinkValueOptionBetweenPurchaseVoucherNAndMRN" time="6.436" classname="com.focus.testcases.SmokeDesignWorkFlowTest"/>
  <testcase name="checkMappingFromStockTransferToSalesInvoiceN" time="9.170" classname="com.focus.testcases.SmokeDesignWorkFlowTest"/>
  <testcase name="checkMovingPurchaseOrderToPosition" time="6.774" classname="com.focus.testcases.SmokeDesignWorkFlowTest"/>
  <testcase name="checkLinkandDeleteOptionsinPurchaseVoucher" time="6.391" classname="com.focus.testcases.SmokeDesignWorkFlowTest"/>
  <testcase name="checkLinkBetweenMRandPurchaseOrders" time="9.100" classname="com.focus.testcases.SmokeDesignWorkFlowTest"/>
  <testcase name="checkMappingBetweenPurchaseVoucherAndPurchseReturns" time="6.505" classname="com.focus.testcases.SmokeDesignWorkFlowTest"/>
  <testcase name="checkLinkBetweenPurchaseOrderAndpurchaseVoucherVAT" time="9.131" classname="com.focus.testcases.SmokeDesignWorkFlowTest"/>
  <testcase name="checkOkBetweenBetweenPurchaseVoucherAndPurchaseReturns" time="6.755" classname="com.focus.testcases.SmokeDesignWorkFlowTest"/>
  <testcase name="verifySelectBaseAndLinkVouchersToDrag" time="9.873" classname="com.focus.testcases.SmokeDesignWorkFlowTest"/>
  <testcase name="checkSelectingQuantityinLinkValueOptionBetweenMRNAndPurchaseReturns" time="6.594" classname="com.focus.testcases.SmokeDesignWorkFlowTest"/>
  <testcase name="checkOkBetweenBetweenSalesQuotationsAndExcessinStock" time="4.449" classname="com.focus.testcases.SmokeDesignWorkFlowTest"/>
  <testcase name="checkMappingBetweenPurchaseOrdersAndPurchaseVoucherN" time="6.436" classname="com.focus.testcases.SmokeDesignWorkFlowTest"/>
  <testcase name="checkSelectingItemOptionBetweenMRandPurchaseOrders" time="6.749" classname="com.focus.testcases.SmokeDesignWorkFlowTest"/>
  <testcase name="checkSelectingItemOptionBetweenPurchseOrdersAndPurchaseVoucherVAT" time="6.771" classname="com.focus.testcases.SmokeDesignWorkFlowTest"/>
  <testcase name="checkLinkBetweenSalesQuotationAndSalesOrder" time="7.146" classname="com.focus.testcases.SmokeDesignWorkFlowTest"/>
  <testcase name="checkSelectingNarration" time="47.171" classname="com.focus.testcases.SmokeDesignWorkFlowTest"/>
  <testcase name="verifyMovingSalesInvoicesToPosition" time="4.756" classname="com.focus.testcases.SmokeDesignWorkFlowTest"/>
  <testcase name="verifyLinkandDeleteOptionsinSalesOrdersAndSelectingLinkOption" time="7.991" classname="com.focus.testcases.SmokeDesignWorkFlowTest"/>
  <testcase name="verifySaveButtonWithoutWorkFlowName" time="5.061" classname="com.focus.testcases.SmokeDesignWorkFlowTest"/>
  <testcase name="checkOkBetweenBetweenStockTransferAndSalesInvoiceN" time="4.869" classname="com.focus.testcases.SmokeDesignWorkFlowTest"/>
  <testcase name="verifySelectingSalesReturnsfromVoucherlist" time="7.058" classname="com.focus.testcases.SmokeDesignWorkFlowTest"/>
  <testcase name="checkMappingBetweenMRNandPurchaseReturns" time="10.761" classname="com.focus.testcases.SmokeDesignWorkFlowTest"/>
  <testcase name="verifySaveButtonWithSingleVoucher" time="5.001" classname="com.focus.testcases.SmokeDesignWorkFlowTest"/>
  <testcase name="checkDeletingTestFlow" time="10.653" classname="com.focus.testcases.SmokeDesignWorkFlowTest"/>
  <testcase name="checkSelectingQuantityinLinkValueOptionBetweenAutoSalesOrderandSalesInvoice" time="5.207" classname="com.focus.testcases.SmokeDesignWorkFlowTest"/>
  <testcase name="verifyLinkValueOptions" time="6.690" classname="com.focus.testcases.SmokeDesignWorkFlowTest"/>
  <testcase name="checkSelectingQuantityinLinkValueOptionBetweenStockTransferAndSalesInvoiceN" time="4.460" classname="com.focus.testcases.SmokeDesignWorkFlowTest"/>
  <testcase name="checkOkBetweenBetweenSalesInvoiceNAndDeliveryNotes" time="5.038" classname="com.focus.testcases.SmokeDesignWorkFlowTest"/>
  <testcase name="verifyWorkFlowOptions" time="5.709" classname="com.focus.testcases.SmokeDesignWorkFlowTest"/>
  <testcase name="verifyMovingMRNToPosition" time="4.561" classname="com.focus.testcases.SmokeDesignWorkFlowTest"/>
  <testcase name="verifyMovingExcessInStocksToPosition" time="6.846" classname="com.focus.testcases.SmokeDesignWorkFlowTest"/>
  <testcase name="checkSelectingQuantityinLinkValueOptionBetweenSalesInvoicesAndSalesReturns" time="4.567" classname="com.focus.testcases.SmokeDesignWorkFlowTest"/>
  <testcase name="checkLinkandDeleteOptionsinExcessinStocks2AndSelectingLinkOption" time="6.886" classname="com.focus.testcases.SmokeDesignWorkFlowTest"/>
  <testcase name="checkOkBetweenBetweenAutoSalesOrderAndSalesInvoice" time="4.670" classname="com.focus.testcases.SmokeDesignWorkFlowTest"/>
  <testcase name="checkMappingFromSalesQuotationToExcessinStocks" time="6.323" classname="com.focus.testcases.SmokeDesignWorkFlowTest"/>
  <testcase name="verifyMappingFromSalesOrderToSalesInvoice" time="6.516" classname="com.focus.testcases.SmokeDesignWorkFlowTest"/>
  <testcase name="checkOkBetweenBetweenSalesInvoicesrAndSalesReturns" time="5.105" classname="com.focus.testcases.SmokeDesignWorkFlowTest"/>
  <testcase name="verifyOptionsInLinkBetweenBaseAndLinkVouchers" time="4.328" classname="com.focus.testcases.SmokeDesignWorkFlowTest"/>
  <testcase name="checkLinkBetweenSalesInvoiceNToDeliveryNotes" time="9.323" classname="com.focus.testcases.SmokeDesignWorkFlowTest"/>
  <testcase name="checkOkBetweenBetweenPurchaseVoucherNAndMRN" time="6.424" classname="com.focus.testcases.SmokeDesignWorkFlowTest"/>
  <testcase name="verifyLinkandDeleteOptionsinExcessinStocksAndSelectingLinkOption" time="6.754" classname="com.focus.testcases.SmokeDesignWorkFlowTest"/>
  <testcase name="verifyMovingSalesReturnsToPosition" time="6.883" classname="com.focus.testcases.SmokeDesignWorkFlowTest"/>
  <testcase name="checkSelectingItemOptionBetweenAutoSalesOrderAndSalesInvoice" time="7.026" classname="com.focus.testcases.SmokeDesignWorkFlowTest"/>
  <testcase name="verifySelectingQuantityinLinkValueOptionBetweenExcessinStocksAndShortageinStocks" time="4.658" classname="com.focus.testcases.SmokeDesignWorkFlowTest"/>
  <testcase name="checkMappingBetweenMRtoPurchaseOrders" time="6.530" classname="com.focus.testcases.SmokeDesignWorkFlowTest"/>
  <testcase name="verifyPropertiesTabOptions" time="4.786" classname="com.focus.testcases.SmokeDesignWorkFlowTest"/>
  <testcase name="checkSelectingMaterialRequisitionfromVoucherlist" time="12.033" classname="com.focus.testcases.SmokeDesignWorkFlowTest"/>
</testsuite> <!-- com.focus.testcases.SmokeDesignWorkFlowTest -->
