<?xml version="1.0" encoding="UTF-8"?>
<!-- Generated by org.testng.reporters.JUnitReportReporter -->
<testsuite hostname="FOCUS-QA-118" name="com.focus.testcases.HPWrapperLayoutTest" tests="19" failures="0" timestamp="14 Jun 2021 15:00:29 GMT" time="136.986" errors="0">
  <testcase name="verifyClickOnAbout" time="2.975" classname="com.focus.testcases.HPWrapperLayoutTest"/>
  <testcase name="verifySelectEditCompanyFromSearch" time="12.147" classname="com.focus.testcases.HPWrapperLayoutTest"/>
  <testcase name="verifyAlertByUpdatingCompanyClickOnOkButton" time="10.169" classname="com.focus.testcases.HPWrapperLayoutTest"/>
  <testcase name="verifySaveWithoutInputNewPasswordMandatoryFields" time="2.846" classname="com.focus.testcases.HPWrapperLayoutTest"/>
  <testcase name="verifyAvailabilityOptionsInAboutIdQuickAccessMenu" time="2.943" classname="com.focus.testcases.HPWrapperLayoutTest"/>
  <testcase name="verifyAvailabilityOptionsInWrapperLayout" time="8.829" classname="com.focus.testcases.HPWrapperLayoutTest"/>
  <testcase name="verifyRecentMenu" time="2.466" classname="com.focus.testcases.HPWrapperLayoutTest"/>
  <testcase name="verifyCloseBtnInChangePasswordAndCheckLogout" time="24.975" classname="com.focus.testcases.HPWrapperLayoutTest"/>
  <testcase name="verifySaveWithMissmatchInputNewPasswordConfirmPassword" time="3.093" classname="com.focus.testcases.HPWrapperLayoutTest"/>
  <testcase name="verifyChangePassword" time="8.674" classname="com.focus.testcases.HPWrapperLayoutTest"/>
  <testcase name="verifySaveWithoutInputConfirmPasswordMandatoryFields" time="3.193" classname="com.focus.testcases.HPWrapperLayoutTest"/>
  <testcase name="verifyLoginAfterChangePasswordChangePasswordAndLogout" time="32.106" classname="com.focus.testcases.HPWrapperLayoutTest"/>
  <testcase name="verifySearchOptionByInputingEditCompany" time="2.659" classname="com.focus.testcases.HPWrapperLayoutTest"/>
  <testcase name="verifySaveWithInvalidOldPassword" time="3.438" classname="com.focus.testcases.HPWrapperLayoutTest"/>
  <testcase name="verifySaveWithValidInputOldNewConfirmPassowrd" time="3.444" classname="com.focus.testcases.HPWrapperLayoutTest"/>
  <testcase name="verifySaveSameInputOldPasswordNewPassword" time="6.392" classname="com.focus.testcases.HPWrapperLayoutTest"/>
  <testcase name="verifyCloseEditCompanyPageClickOnCancelButton" time="1.110" classname="com.focus.testcases.HPWrapperLayoutTest"/>
  <testcase name="verifySaveWithoutInputMandatoryFields" time="2.788" classname="com.focus.testcases.HPWrapperLayoutTest"/>
  <testcase name="verifyUserInfo" time="2.739" classname="com.focus.testcases.HPWrapperLayoutTest"/>
</testsuite> <!-- com.focus.testcases.HPWrapperLayoutTest -->
