<?xml version="1.0" encoding="UTF-8"?>
<!-- Generated by org.testng.reporters.JUnitReportReporter -->
<testsuite hostname="FOCUS-QA-118" name="com.focus.testcases.URLBrowserTest" tests="2" failures="0" timestamp="4 Jan 2023 14:19:58 GMT" time="27.874" errors="0">
  <testcase name="checkLoginPageTitleByURLInputInBrowser" time="18.884" classname="com.focus.testcases.URLBrowserTest"/>
  <testcase name="verifyBrowserOpen" time="8.990" classname="com.focus.testcases.URLBrowserTest"/>
</testsuite> <!-- com.focus.testcases.URLBrowserTest -->
