<?xml version="1.0" encoding="UTF-8"?>
<!-- Generated by org.testng.reporters.JUnitReportReporter -->
<testsuite hostname="FOCUS-QA-118" name="com.focus.testcases.MasterItemTest" tests="101" failures="0" timestamp="14 Jun 2021 15:00:29 GMT" time="1122.729" errors="0">
  <testcase name="verifyHideItemGroupsOptionsItemMenu" time="2.826" classname="com.focus.testcases.MasterItemTest"/>
  <testcase name="verifyCreateNewWarehouseForDeleteOptionValidationMessage" time="16.413" classname="com.focus.testcases.MasterItemTest"/>
  <testcase name="verifyCustomizeMasterTabOption" time="6.773" classname="com.focus.testcases.MasterItemTest"/>
  <testcase name="verifyUpdatedItemGroupDisplayInItemGrid" time="5.490" classname="com.focus.testcases.MasterItemTest"/>
  <testcase name="verifyUpdateFieldInCreateCreateTabDisplayInCustomizeTab" time="149.745" classname="com.focus.testcases.MasterItemTest"/>
  <testcase name="verifyBodyDetailsTabInCreateCreateTab" time="2.872" classname="com.focus.testcases.MasterItemTest"/>
  <testcase name="verifySaveBatchBinNoStocksUpdateItem" time="14.884" classname="com.focus.testcases.MasterItemTest"/>
  <testcase name="checkSignToCheckTabsInCustomization" time="9.303" classname="com.focus.testcases.MasterItemTest"/>
  <testcase name="verifySaveFinishedItem" time="8.299" classname="com.focus.testcases.MasterItemTest"/>
  <testcase name="verifyUnitsTab" time="4.433" classname="com.focus.testcases.MasterItemTest"/>
  <testcase name="verifyCreateViewToggleOptionsItemMenu" time="2.905" classname="com.focus.testcases.MasterItemTest"/>
  <testcase name="verifyCloseButtonWithInputMandatoryFieldsCreateCreateTabDisplayInCustomizeTab" time="2.945" classname="com.focus.testcases.MasterItemTest"/>
  <testcase name="verifySaveBinFinishedGoodsItem" time="16.272" classname="com.focus.testcases.MasterItemTest"/>
  <testcase name="checkCloseItemMasterExtraField" time="8.955" classname="com.focus.testcases.MasterItemTest"/>
  <testcase name="verifySaveButtonWithoutInputCodeMandatoryFieldsInAddGroupOption" time="3.463" classname="com.focus.testcases.MasterItemTest"/>
  <testcase name="verifyPropertiesForBatchItems" time="41.632" classname="com.focus.testcases.MasterItemTest"/>
  <testcase name="verifyMandatoryFieldsByClickOnOkButtonCreateCreateTabDisplayInCustomizeTab" time="3.292" classname="com.focus.testcases.MasterItemTest"/>
  <testcase name="verifyDeleteItemDisplayBeforeCustomization" time="5.512" classname="com.focus.testcases.MasterItemTest"/>
  <testcase name="verifySettingTab" time="6.596" classname="com.focus.testcases.MasterItemTest"/>
  <testcase name="verifyWarehouseAddGroupCreationScreenAfterSaving" time="3.068" classname="com.focus.testcases.MasterItemTest"/>
  <testcase name="verifySaveButtonWithoutInputCodeMandatoryFieldsInNewOptionBeforeCustomization" time="3.377" classname="com.focus.testcases.MasterItemTest"/>
  <testcase name="verifyPropertiesForBatchItemThirdRow" time="9.549" classname="com.focus.testcases.MasterItemTest"/>
  <testcase name="verifyCreateTabsInCustomizeMaster" time="3.025" classname="com.focus.testcases.MasterItemTest"/>
  <testcase name="verifyPropertiesTabInCreateCreateTabDisplayInCustomizeTab" time="3.751" classname="com.focus.testcases.MasterItemTest"/>
  <testcase name="verifyMainOptionsItemsMenu" time="3.012" classname="com.focus.testcases.MasterItemTest"/>
  <testcase name="verifyClassificationTab" time="4.414" classname="com.focus.testcases.MasterItemTest"/>
  <testcase name="verifyEditOptionForNewlyCreatedItem" time="7.543" classname="com.focus.testcases.MasterItemTest"/>
  <testcase name="verifyItemDisplayInItemSavingWithCloneMasterCreationOptions" time="5.512" classname="com.focus.testcases.MasterItemTest"/>
  <testcase name="verifyWarehouseAddGroupNewCreateDisplayInWarehouseGrid" time="5.736" classname="com.focus.testcases.MasterItemTest"/>
  <testcase name="verifyPropertiesForBatchBinNoReservationItem" time="8.951" classname="com.focus.testcases.MasterItemTest"/>
  <testcase name="verifyItemMasterDisplayInMainPageGridItemMenu" time="3.074" classname="com.focus.testcases.MasterItemTest"/>
  <testcase name="verifyCreateCreateTabOptionsInCustomizeMaster" time="4.892" classname="com.focus.testcases.MasterItemTest"/>
  <testcase name="verifyCreateTreeToggleOptionsItemMenu" time="2.967" classname="com.focus.testcases.MasterItemTest"/>
  <testcase name="verifySaveButtonWithInputingMandatoryFieldsBeforeCustomization" time="4.217" classname="com.focus.testcases.MasterItemTest"/>
  <testcase name="verifyOpenItemsMasterForCustomization" time="5.679" classname="com.focus.testcases.MasterItemTest"/>
  <testcase name="verifyItemDisplayInItemGridBeforeCustomization" time="6.420" classname="com.focus.testcases.MasterItemTest"/>
  <testcase name="verifySaveBatchBinNoReservation" time="15.037" classname="com.focus.testcases.MasterItemTest"/>
  <testcase name="verifyFormattingTabInCreateCreateTabDisplayInCustomizeTab" time="3.040" classname="com.focus.testcases.MasterItemTest"/>
  <testcase name="verifySaveItemInItemGroup" time="104.713" classname="com.focus.testcases.MasterItemTest"/>
  <testcase name="verifyGeneralTab" time="3.196" classname="com.focus.testcases.MasterItemTest"/>
  <testcase name="verifyCopyOptionByPasteOptionWithNewButton" time="64.721" classname="com.focus.testcases.MasterItemTest"/>
  <testcase name="verifyClickOnGroupToDisplayEmpty" time="6.189" classname="com.focus.testcases.MasterItemTest"/>
  <testcase name="verifyRulesOptionsTabInCreateCreateTabDisplayInCustomizeTab" time="3.393" classname="com.focus.testcases.MasterItemTest"/>
  <testcase name="verifyCloneButtonAndSaveInItemMasterCreation" time="14.405" classname="com.focus.testcases.MasterItemTest"/>
  <testcase name="verifyNewButton" time="4.211" classname="com.focus.testcases.MasterItemTest"/>
  <testcase name="verifyUpateForNewlyCreateAddGroupItem" time="4.903" classname="com.focus.testcases.MasterItemTest"/>
  <testcase name="verifyAddGroupButton" time="3.993" classname="com.focus.testcases.MasterItemTest"/>
  <testcase name="verifyCloneButtonAndSaveInItemMasterOptions" time="9.744" classname="com.focus.testcases.MasterItemTest"/>
  <testcase name="verifyFinishedItemDisplayMasterGrid" time="5.695" classname="com.focus.testcases.MasterItemTest"/>
  <testcase name="verifySaveButtonInAddGroupWithInputingMandatoryFields" time="5.524" classname="com.focus.testcases.MasterItemTest"/>
  <testcase name="verifyOkButtonWithAllInputInCreateCreateTab" time="4.412" classname="com.focus.testcases.MasterItemTest"/>
  <testcase name="verifyUpateForNewlyCreateItem" time="8.657" classname="com.focus.testcases.MasterItemTest"/>
  <testcase name="verifykPropertiesOption" time="6.554" classname="com.focus.testcases.MasterItemTest"/>
  <testcase name="verifyPropertiesForBinItems" time="14.496" classname="com.focus.testcases.MasterItemTest"/>
  <testcase name="verifyPropertiesForBatchItemFourthRow" time="9.180" classname="com.focus.testcases.MasterItemTest"/>
  <testcase name="verifyHeaderDetailsTabInCreateCreateTab" time="2.916" classname="com.focus.testcases.MasterItemTest"/>
  <testcase name="verifyOkButtonWithInputMandatoryFieldsCreateCreateTabDisplayInCustomizeTab" time="5.816" classname="com.focus.testcases.MasterItemTest"/>
  <testcase name="verifyPropertiesForStockItemFifthRow" time="44.994" classname="com.focus.testcases.MasterItemTest"/>
  <testcase name="verifyPropertiesForBatchItemSecondRow" time="9.242" classname="com.focus.testcases.MasterItemTest"/>
  <testcase name="verifySaveItemeUsingCopyAndPaste" time="5.648" classname="com.focus.testcases.MasterItemTest"/>
  <testcase name="verifyCloseOptionInItemCreation" time="22.110" classname="com.focus.testcases.MasterItemTest"/>
  <testcase name="verifyUpdateCreatedFieldInCreateCreateTabDisplayInCustomizeTab" time="48.881" classname="com.focus.testcases.MasterItemTest"/>
  <testcase name="verifyOkInDeleteValidationMessage" time="5.802" classname="com.focus.testcases.MasterItemTest"/>
  <testcase name="verifyReplenishmentTab" time="4.831" classname="com.focus.testcases.MasterItemTest"/>
  <testcase name="verifyRulesTabInCreateCreateTabDisplayInCustomizeTab" time="3.553" classname="com.focus.testcases.MasterItemTest"/>
  <testcase name="checkLoginToCheckItem" time="13.404" classname="com.focus.testcases.MasterItemTest"/>
  <testcase name="verifyOtherToolsOptionsItemMenu" time="4.294" classname="com.focus.testcases.MasterItemTest"/>
  <testcase name="verifyCloseWarehouseMaster" time="2.956" classname="com.focus.testcases.MasterItemTest"/>
  <testcase name="checkLogoutAfterCustomization" time="5.851" classname="com.focus.testcases.MasterItemTest"/>
  <testcase name="verifyEditOptionForNewlyCreateAddGroupWarehouse" time="8.022" classname="com.focus.testcases.MasterItemTest"/>
  <testcase name="verifySearchOptionsInMainPageHeaderFieldsOptionsItemMenu" time="2.756" classname="com.focus.testcases.MasterItemTest"/>
  <testcase name="checkSaveCOGSItems" time="72.074" classname="com.focus.testcases.MasterItemTest"/>
  <testcase name="verifySaveBatchBinFinishedGoodsItem" time="14.584" classname="com.focus.testcases.MasterItemTest"/>
  <testcase name="verifyCreateCreateTabDisplayInCustomizeTab" time="2.497" classname="com.focus.testcases.MasterItemTest"/>
  <testcase name="checkOpenItemsMaster" time="12.308" classname="com.focus.testcases.MasterItemTest"/>
  <testcase name="verifyTheAvailabilityofOptionsInItem" time="6.474" classname="com.focus.testcases.MasterItemTest"/>
  <testcase name="verifyPropertiesForBatchBinNoStockUpdateItem" time="9.433" classname="com.focus.testcases.MasterItemTest"/>
  <testcase name="checkSavePropertiesForCOGSItems" time="19.951" classname="com.focus.testcases.MasterItemTest"/>
  <testcase name="verifyCreateTabsOptionsInCustomizeMaster" time="2.861" classname="com.focus.testcases.MasterItemTest"/>
  <testcase name="verifyItemDisplaySavingWithCopyAndPaste" time="5.721" classname="com.focus.testcases.MasterItemTest"/>
  <testcase name="checkNewButtonForExtraInput" time="4.211" classname="com.focus.testcases.MasterItemTest"/>
  <testcase name="verifyEditCreatedFieldInCreateCreateTabDisplayInCustomizeTab" time="4.024" classname="com.focus.testcases.MasterItemTest"/>
  <testcase name="verifyOtherDeailsTab" time="4.582" classname="com.focus.testcases.MasterItemTest"/>
  <testcase name="verifykUpdatedMasterItemDisplayInGrid" time="5.496" classname="com.focus.testcases.MasterItemTest"/>
  <testcase name="verifyTreeIdToggleViewIdToggleOptionsItemMenu" time="2.857" classname="com.focus.testcases.MasterItemTest"/>
  <testcase name="verifykMandatoryCheckInCreateCreateTab" time="2.881" classname="com.focus.testcases.MasterItemTest"/>
  <testcase name="verifyExternalModulesTabInCreateCreateTabDisplayInCustomizeTab" time="3.070" classname="com.focus.testcases.MasterItemTest"/>
  <testcase name="verifyFieldsDetailsTabInCreateCreateTabDisplayInCustomizeTab" time="2.949" classname="com.focus.testcases.MasterItemTest"/>
  <testcase name="verifyWarehouseFirstLevel" time="5.893" classname="com.focus.testcases.MasterItemTest"/>
  <testcase name="checkCreateTab" time="4.182" classname="com.focus.testcases.MasterItemTest"/>
  <testcase name="verifySaveBinRawMaterialItem" time="13.971" classname="com.focus.testcases.MasterItemTest"/>
  <testcase name="verifySaveButtonWithoutInputNameMandatoryFieldsInNewOptionBeforeCustomization" time="3.301" classname="com.focus.testcases.MasterItemTest"/>
  <testcase name="verifyPropertiesForBatchBinItem" time="8.635" classname="com.focus.testcases.MasterItemTest"/>
  <testcase name="verifyOutletTab" time="3.937" classname="com.focus.testcases.MasterItemTest"/>
  <testcase name="verifyAddOptionInCreateCreateTabDisplayInCustomizeTab" time="4.470" classname="com.focus.testcases.MasterItemTest"/>
  <testcase name="verifyItemDisplayInItemSavingWithCloneMasterOptions" time="5.460" classname="com.focus.testcases.MasterItemTest"/>
  <testcase name="verifyCreatedFieldInCreateCreateTabDisplayInCustomizeTab" time="2.745" classname="com.focus.testcases.MasterItemTest"/>
  <testcase name="verifyToolsOptionsItemMenu" time="3.140" classname="com.focus.testcases.MasterItemTest"/>
  <testcase name="veriyUnHideItemGroupsOptionsItemMenu" time="3.082" classname="com.focus.testcases.MasterItemTest"/>
  <testcase name="verifySaveButtonWithoutInputNameMandatoryFieldsInAddGroupOption" time="2.995" classname="com.focus.testcases.MasterItemTest"/>
  <testcase name="verifyItemCreationScreenAfterSavingBeforeCustomization" time="4.009" classname="com.focus.testcases.MasterItemTest"/>
</testsuite> <!-- com.focus.testcases.MasterItemTest -->
