<?xml version="1.0" encoding="UTF-8"?>
<!-- Generated by org.testng.reporters.JUnitReportReporter -->
<testsuite hostname="FOCUS-QA-118" name="com.focus.testcases.MasterDepartmentTest" tests="44" failures="0" timestamp="14 Jun 2021 15:00:29 GMT" time="212.656" errors="0">
  <testcase name="verifySaveDepartmentUsingCopyAndPaste" time="5.907" classname="com.focus.testcases.MasterDepartmentTest"/>
  <testcase name="verifyDeleteDepartmentDisplayBeforeCustomization" time="5.553" classname="com.focus.testcases.MasterDepartmentTest"/>
  <testcase name="verifySaveButtonWithoutInputNameMandatoryFieldsInAddGroupOption" time="2.819" classname="com.focus.testcases.MasterDepartmentTest"/>
  <testcase name="verifyClickOnGroupToDisplayEmpty" time="6.002" classname="com.focus.testcases.MasterDepartmentTest"/>
  <testcase name="verifyDepartmentDisplaySavingWithCopyAndPaste" time="4.730" classname="com.focus.testcases.MasterDepartmentTest"/>
  <testcase name="verifyCopyOptionByPasteOptionWithNewButton" time="6.515" classname="com.focus.testcases.MasterDepartmentTest"/>
  <testcase name="verifySaveButtonInAddGroupWithInputingMandatoryFields" time="3.447" classname="com.focus.testcases.MasterDepartmentTest"/>
  <testcase name="verifyBinsAddGroupCreationScreenAfterSaving" time="2.772" classname="com.focus.testcases.MasterDepartmentTest"/>
  <testcase name="verifyCreateNewDepartmentForDeleteOptionValidationMessage" time="13.329" classname="com.focus.testcases.MasterDepartmentTest"/>
  <testcase name="verifyUpateForNewlyCreateDepartment" time="4.353" classname="com.focus.testcases.MasterDepartmentTest"/>
  <testcase name="verifyUnitDisplayInUnitsSavingWithCloneMasterOptions" time="5.487" classname="com.focus.testcases.MasterDepartmentTest"/>
  <testcase name="checkTreeViewOptionsDepartmentMenu" time="2.746" classname="com.focus.testcases.MasterDepartmentTest"/>
  <testcase name="verifyEditOptionForNewlyCreatedDepartment" time="6.331" classname="com.focus.testcases.MasterDepartmentTest"/>
  <testcase name="checkHideAccountGroupsOptionsDepartmentMenu" time="2.827" classname="com.focus.testcases.MasterDepartmentTest"/>
  <testcase name="verifySaveButtonWithoutInputCodeMandatoryFieldsInAddGroupOption" time="3.265" classname="com.focus.testcases.MasterDepartmentTest"/>
  <testcase name="verifyCloneButtonAndSaveInUnitsMasterOptions" time="7.499" classname="com.focus.testcases.MasterDepartmentTest"/>
  <testcase name="checkToolsOptionsDepartmentMenu" time="3.298" classname="com.focus.testcases.MasterDepartmentTest"/>
  <testcase name="verifyOkInDeleteValidationMessage" time="3.099" classname="com.focus.testcases.MasterDepartmentTest"/>
  <testcase name="checkMainOptionsDepartmentMenu" time="2.866" classname="com.focus.testcases.MasterDepartmentTest"/>
  <testcase name="checkCreateTreeToggleOptionsDepartmentMenu" time="2.868" classname="com.focus.testcases.MasterDepartmentTest"/>
  <testcase name="verifyNewlyCreatedDepartmentDisplayInGrid" time="5.937" classname="com.focus.testcases.MasterDepartmentTest"/>
  <testcase name="verifyEditOptionForNewlyCreateAddGroupBins" time="6.173" classname="com.focus.testcases.MasterDepartmentTest"/>
  <testcase name="verifySaveButtonWithInputingMandatoryFields" time="3.514" classname="com.focus.testcases.MasterDepartmentTest"/>
  <testcase name="verifySaveButtonWithoutInputCodeMandatoryFieldsInNew" time="3.280" classname="com.focus.testcases.MasterDepartmentTest"/>
  <testcase name="verifyUpdatedBinGroupDisplayInBinGrid" time="5.469" classname="com.focus.testcases.MasterDepartmentTest"/>
  <testcase name="verifyAddGroupButton" time="3.042" classname="com.focus.testcases.MasterDepartmentTest"/>
  <testcase name="verifyBinFirstLevel" time="5.793" classname="com.focus.testcases.MasterDepartmentTest"/>
  <testcase name="checkOtherToolsOptionsDepartmentMenu" time="3.181" classname="com.focus.testcases.MasterDepartmentTest"/>
  <testcase name="verifyCloseBinsMaster" time="3.387" classname="com.focus.testcases.MasterDepartmentTest"/>
  <testcase name="verifyDepartmentCreationScreenAfterSaving" time="3.000" classname="com.focus.testcases.MasterDepartmentTest"/>
  <testcase name="verifySaveButtonWithoutInputNameMandatoryFieldsInNew" time="2.987" classname="com.focus.testcases.MasterDepartmentTest"/>
  <testcase name="checkMainPageHeaderFieldsOptionsDepartmentMenu" time="3.008" classname="com.focus.testcases.MasterDepartmentTest"/>
  <testcase name="verifySaveDepartmentInDepartmentGroup" time="4.047" classname="com.focus.testcases.MasterDepartmentTest"/>
  <testcase name="verifyBinsAddGroupNewCreateDisplayInBinsGrid" time="5.704" classname="com.focus.testcases.MasterDepartmentTest"/>
  <testcase name="verifyInActiveBySelectingOkButtonInPropertiesOptionForDepartment" time="8.051" classname="com.focus.testcases.MasterDepartmentTest"/>
  <testcase name="checkUpateForNewlyCreateAddGroupDepartment" time="4.071" classname="com.focus.testcases.MasterDepartmentTest"/>
  <testcase name="verifyCloneButtonAndSaveInDepartmentMasterCreation" time="7.434" classname="com.focus.testcases.MasterDepartmentTest"/>
  <testcase name="verifyOpenDepartmentMenu" time="13.601" classname="com.focus.testcases.MasterDepartmentTest"/>
  <testcase name="verifyCloseOptionInBinsCreation" time="5.660" classname="com.focus.testcases.MasterDepartmentTest"/>
  <testcase name="checkCreateViewToggleOptionsDepartmentMenu" time="2.604" classname="com.focus.testcases.MasterDepartmentTest"/>
  <testcase name="verifyNewButton" time="2.997" classname="com.focus.testcases.MasterDepartmentTest"/>
  <testcase name="checkSearchOptionsInMainPageHeaderFieldsOptionsDepartmentMenu" time="2.612" classname="com.focus.testcases.MasterDepartmentTest"/>
  <testcase name="verifykDepartmentDisplayInUnitsSavingWithCloneMasterCreationOptions" time="5.507" classname="com.focus.testcases.MasterDepartmentTest"/>
  <testcase name="verifyDepartmentMasterProperties" time="5.884" classname="com.focus.testcases.MasterDepartmentTest"/>
</testsuite> <!-- com.focus.testcases.MasterDepartmentTest -->
