<?xml version="1.0" encoding="UTF-8"?>
<!-- Generated by org.testng.reporters.JUnitReportReporter -->
<testsuite hostname="FOCUS-QA-118" name="com.focus.testcases.LoginPageSignInTest" tests="12" failures="0" timestamp="14 Jun 2021 15:00:29 GMT" time="58.685" errors="0">
  <testcase name="verifyPasswordAsInvalidInLoginScreen" time="3.411" classname="com.focus.testcases.LoginPageSignInTest"/>
  <testcase name="verifyPassAsMandatoryInLoginScreen" time="3.043" classname="com.focus.testcases.LoginPageSignInTest"/>
  <testcase name="verifyLogoutWithSignInAsRememberMe" time="2.824" classname="com.focus.testcases.LoginPageSignInTest"/>
  <testcase name="verifySignInRememberIsCheckedForSecondTime" time="3.072" classname="com.focus.testcases.LoginPageSignInTest"/>
  <testcase name="verifyRememberMeRememberMyPasswordSelectedInLoginScreen" time="3.151" classname="com.focus.testcases.LoginPageSignInTest"/>
  <testcase name="verifyLoginInRememberMeRememberPassword" time="11.980" classname="com.focus.testcases.LoginPageSignInTest"/>
  <testcase name="verifyRememberMeInLoginScreen" time="3.106" classname="com.focus.testcases.LoginPageSignInTest"/>
  <testcase name="verifyLogoutWithSignInAsRememberMeRememberMyPassword" time="2.788" classname="com.focus.testcases.LoginPageSignInTest"/>
  <testcase name="verifySuperUserAsMandatoryInLoginScreen" time="2.755" classname="com.focus.testcases.LoginPageSignInTest"/>
  <testcase name="verifySignInWithRememberMeInLoginScreen" time="12.073" classname="com.focus.testcases.LoginPageSignInTest"/>
  <testcase name="verifyIForgotMyPassword" time="6.934" classname="com.focus.testcases.LoginPageSignInTest"/>
  <testcase name="verifySuperUserAsInvalidInLoginScreen" time="3.548" classname="com.focus.testcases.LoginPageSignInTest"/>
</testsuite> <!-- com.focus.testcases.LoginPageSignInTest -->
